<?xml version="1.0" encoding="UTF-8"?>
<!-- Generated by org.testng.reporters.JUnitReportReporter -->
<testsuite skipped="0" hostname="LAPTOP-HEN8AC4S" name="grid.testa" tests="1" failures="0" timestamp="2022-03-12T20:17:59 IST" time="83.284" errors="0">
  <testcase name="testinga" time="83.284" classname="grid.testa"/>
</testsuite> <!-- grid.testa -->
