<?xml version="1.0" encoding="UTF-8"?>
<!-- Generated by org.testng.reporters.JUnitReportReporter -->
<testsuite skipped="0" hostname="LAPTOP-HEN8AC4S" name="test.report" tests="1" failures="0" timestamp="2022-03-16T15:23:24 IST" time="0.682" errors="0">
  <testcase name="learnreports" time="0.682" classname="test.report"/>
</testsuite> <!-- test.report -->
