<?xml version="1.0" encoding="UTF-8"?>
<!-- Generated by org.testng.reporters.JUnitReportReporter -->
<testsuite skipped="0" hostname="LAPTOP-HEN8AC4S" name="grid.testc" tests="1" failures="0" timestamp="2022-03-12T20:17:59 IST" time="9.472" errors="0">
  <testcase name="testingb" time="9.472" classname="grid.testc"/>
</testsuite> <!-- grid.testc -->
